hHYuanLing/build/outputs/logs/manifest-merger-debug-report.txt
-- Merging decision tree log ---
manifest
ADDED from src\main\AndroidManifest.xml:2:1-257:12
	package
		ADDED from src\main\AndroidManifest.xml:4:5-35
		INJECTED from src\main\AndroidManifest.xml
		INJECTED from src\main\AndroidManifest.xml
	android:versionName
		ADDED from src\main\AndroidManifest.xml:6:5-32
		INJECTED from src\main\AndroidManifest.xml
		INJECTED from src\main\AndroidManifest.xml
	xmlns:tools
		ADDED from src\main\AndroidManifest.xml:3:5-51
	android:versionCode
		ADDED from src\main\AndroidManifest.xml:5:5-28
		INJECTED from src\main\AndroidManifest.xml
		INJECTED from src\main\AndroidManifest.xml
	xmlns:android
		ADDED from src\main\AndroidManifest.xml:2:11-69
uses-sdk
ADDED from src\main\AndroidManifest.xml:8:5-10:41
MERGED from [HHYuanLing:b_library:unspecified] AndroidManifest.xml:7:5-9:41
MERGED from [HHYuanLing:x_library:unspecified] AndroidManifest.xml:7:5-9:41
MERGED from [com.android.support:appcompat-v7:25.0.1] AndroidManifest.xml:21:5-23:78
MERGED from [com.android.support:support-v4:25.0.1] AndroidManifest.xml:21:5-23:54
MERGED from [com.android.support:support-fragment:25.0.1] AndroidManifest.xml:21:5-23:60
MERGED from [com.android.support:support-media-compat:25.0.1] AndroidManifest.xml:21:5-23:63
MERGED from [com.android.support:support-core-ui:25.0.1] AndroidManifest.xml:21:5-23:58
MERGED from [com.android.support:support-core-utils:25.0.1] AndroidManifest.xml:21:5-23:61
MERGED from [com.android.support:animated-vector-drawable:25.0.1] AndroidManifest.xml:20:5-44
MERGED from [com.android.support:support-vector-drawable:25.0.1] AndroidManifest.xml:21:5-43
MERGED from [com.android.support:support-compat:25.0.1] AndroidManifest.xml:21:5-23:58
	tools:overrideLibrary
		ADDED from [com.android.support:appcompat-v7:25.0.1] AndroidManifest.xml:23:9-75
	android:targetSdkVersion
		ADDED from src\main\AndroidManifest.xml:10:9-38
		INJECTED from src\main\AndroidManifest.xml
		INJECTED from src\main\AndroidManifest.xml
	android:minSdkVersion
		ADDED from src\main\AndroidManifest.xml:9:9-35
		INJECTED from src\main\AndroidManifest.xml
		INJECTED from src\main\AndroidManifest.xml
uses-permission#android.permission.ACCESS_NETWORK_STATE
ADDED from src\main\AndroidManifest.xml:13:5-79
	android:name
		ADDED from src\main\AndroidManifest.xml:13:22-76
uses-permission#android.permission.INTERNET
ADDED from src\main\AndroidManifest.xml:15:5-67
	android:name
		ADDED from src\main\AndroidManifest.xml:15:22-64
uses-permission#android.permission.WRITE_EXTERNAL_STORAGE
ADDED from src\main\AndroidManifest.xml:17:5-81
	android:name
		ADDED from src\main\AndroidManifest.xml:17:22-78
uses-permission#android.permission.KILL_BACKGROUND_PROCESSES
ADDED from src\main\AndroidManifest.xml:19:5-84
	android:name
		ADDED from src\main\AndroidManifest.xml:19:22-81
uses-permission#android.permission.NFC
ADDED from src\main\AndroidManifest.xml:21:5-62
	android:name
		ADDED from src\main\AndroidManifest.xml:21:22-59
uses-feature#android.hardware.camera.autofocus
ADDED from src\main\AndroidManifest.xml:23:5-70
	android:name
		ADDED from src\main\AndroidManifest.xml:23:19-67
uses-feature#android.hardware.nfc
ADDED from src\main\AndroidManifest.xml:24:5-26:35
	android:required
		ADDED from src\main\AndroidManifest.xml:26:9-32
	android:name
		ADDED from src\main\AndroidManifest.xml:25:9-44
uses-permission#android.permission.CAMERA
ADDED from src\main\AndroidManifest.xml:29:5-65
	android:name
		ADDED from src\main\AndroidManifest.xml:29:22-62
uses-feature#android.hardware.camera
ADDED from src\main\AndroidManifest.xml:31:5-60
	android:name
		ADDED from src\main\AndroidManifest.xml:31:19-57
uses-permission#android.permission.VIBRATE
ADDED from src\main\AndroidManifest.xml:33:5-66
	android:name
		ADDED from src\main\AndroidManifest.xml:33:22-63
uses-permission#android.permission.FLASHLIGHT
ADDED from src\main\AndroidManifest.xml:34:5-69
	android:name
		ADDED from src\main\AndroidManifest.xml:34:22-66
uses-permission#android.permission.WAKE_LOCK
ADDED from src\main\AndroidManifest.xml:35:5-68
	android:name
		ADDED from src\main\AndroidManifest.xml:35:22-65
uses-permission#android.permission.ACCESS_COARSE_LOCATION
ADDED from src\main\AndroidManifest.xml:39:5-81
	android:name
		ADDED from src\main\AndroidManifest.xml:39:22-78
uses-permission#android.permission.ACCESS_FINE_LOCATION
ADDED from src\main\AndroidManifest.xml:41:5-79
	android:name
		ADDED from src\main\AndroidManifest.xml:41:22-76
uses-permission#android.permission.ACCESS_WIFI_STATE
ADDED from src\main\AndroidManifest.xml:43:5-76
	android:name
		ADDED from src\main\AndroidManifest.xml:43:22-73
uses-permission#android.permission.CHANGE_WIFI_STATE
ADDED from src\main\AndroidManifest.xml:45:5-76
	android:name
		ADDED from src\main\AndroidManifest.xml:45:22-73
uses-permission#android.permission.READ_PHONE_STATE
ADDED from src\main\AndroidManifest.xml:47:5-75
	android:name
		ADDED from src\main\AndroidManifest.xml:47:22-72
uses-permission#android.permission.READ_EXTERNAL_STORAGE
ADDED from src\main\AndroidManifest.xml:48:5-80
	android:name
		ADDED from src\main\AndroidManifest.xml:48:22-77
uses-permission#android.permission.MOUNT_UNMOUNT_FILESYSTEMS
ADDED from src\main\AndroidManifest.xml:50:5-84
	android:name
		ADDED from src\main\AndroidManifest.xml:50:22-81
uses-permission#android.permission.GET_ACCOUNTS
ADDED from src\main\AndroidManifest.xml:57:5-71
	android:name
		ADDED from src\main\AndroidManifest.xml:57:22-68
uses-permission#android.permission.READ_PROFILE
ADDED from src\main\AndroidManifest.xml:58:5-71
	android:name
		ADDED from src\main\AndroidManifest.xml:58:22-68
uses-permission#android.permission.READ_CONTACTS
ADDED from src\main\AndroidManifest.xml:59:5-72
	android:name
		ADDED from src\main\AndroidManifest.xml:59:22-69
uses-permission#android.permission.READ_CALL_LOG
ADDED from src\main\AndroidManifest.xml:60:5-72
	android:name
		ADDED from src\main\AndroidManifest.xml:60:22-69
application
ADDED from src\main\AndroidManifest.xml:62:5-255:19
MERGED from [HHYuanLing:b_library:unspecified] AndroidManifest.xml:11:5-16:19
MERGED from [HHYuanLing:x_library:unspecified] AndroidManifest.xml:11:5-20
MERGED from [com.android.support:appcompat-v7:25.0.1] AndroidManifest.xml:25:5-20
MERGED from [com.android.support:support-v4:25.0.1] AndroidManifest.xml:25:5-20
MERGED from [com.android.support:support-fragment:25.0.1] AndroidManifest.xml:25:5-20
MERGED from [com.android.support:support-media-compat:25.0.1] AndroidManifest.xml:25:5-20
MERGED from [com.android.support:support-core-ui:25.0.1] AndroidManifest.xml:25:5-20
MERGED from [com.android.support:support-core-utils:25.0.1] AndroidManifest.xml:25:5-20
MERGED from [com.android.support:animated-vector-drawable:25.0.1] AndroidManifest.xml:22:5-20
MERGED from [com.android.support:support-vector-drawable:25.0.1] AndroidManifest.xml:23:5-20
MERGED from [com.android.support:support-compat:25.0.1] AndroidManifest.xml:25:5-20
	android:label
		ADDED from src\main\AndroidManifest.xml:67:9-41
	android:hardwareAccelerated
		ADDED from src\main\AndroidManifest.xml:65:9-43
	android:allowBackup
		ADDED from src\main\AndroidManifest.xml:64:9-35
	android:icon
		ADDED from src\main\AndroidManifest.xml:66:9-43
		REJECTED from [HHYuanLing:b_library:unspecified] AndroidManifest.xml:13:9-45
	android:theme
		ADDED from src\main\AndroidManifest.xml:68:9-40
		REJECTED from [HHYuanLing:b_library:unspecified] AndroidManifest.xml:15:9-40
	tools:replace
		ADDED from src\main\AndroidManifest.xml:69:9-52
	android:name
		ADDED from src\main\AndroidManifest.xml:63:9-38
activity#com.henghao.parkland.activity.SplashActivity
ADDED from src\main\AndroidManifest.xml:72:9-81:20
	android:screenOrientation
		ADDED from src\main\AndroidManifest.xml:74:13-49
	android:theme
		ADDED from src\main\AndroidManifest.xml:75:13-44
	android:name
		ADDED from src\main\AndroidManifest.xml:73:13-52
intent-filter#android.intent.action.MAIN+android.intent.category.LAUNCHER
ADDED from src\main\AndroidManifest.xml:76:13-80:29
action#android.intent.action.MAIN
ADDED from src\main\AndroidManifest.xml:77:17-69
	android:name
		ADDED from src\main\AndroidManifest.xml:77:25-66
category#android.intent.category.LAUNCHER
ADDED from src\main\AndroidManifest.xml:79:17-77
	android:name
		ADDED from src\main\AndroidManifest.xml:79:27-74
activity#com.henghao.parkland.activity.MainActivity
ADDED from src\main\AndroidManifest.xml:84:9-98:20
	android:screenOrientation
		ADDED from src\main\AndroidManifest.xml:87:13-49
	android:launchMode
		ADDED from src\main\AndroidManifest.xml:86:13-44
	android:theme
		ADDED from src\main\AndroidManifest.xml:88:13-44
	android:name
		ADDED from src\main\AndroidManifest.xml:85:13-50
intent-filter#android.intent.category.DEFAULT+android.nfc.action.TECH_DISCOVERED
ADDED from src\main\AndroidManifest.xml:89:13-93:29
action#android.nfc.action.TECH_DISCOVERED
ADDED from src\main\AndroidManifest.xml:90:17-77
	android:name
		ADDED from src\main\AndroidManifest.xml:90:25-74
category#android.intent.category.DEFAULT
ADDED from src\main\AndroidManifest.xml:92:17-76
	android:name
		ADDED from src\main\AndroidManifest.xml:92:27-73
meta-data#android.nfc.action.TECH_DISCOVERED
ADDED from src\main\AndroidManifest.xml:95:13-97:59
	android:resource
		ADDED from src\main\AndroidManifest.xml:97:17-56
	android:name
		ADDED from src\main\AndroidManifest.xml:96:17-66
activity#com.henghao.parkland.activity.ISOActivity
ADDED from src\main\AndroidManifest.xml:101:9-104:53
	android:screenOrientation
		ADDED from src\main\AndroidManifest.xml:103:13-49
	android:theme
		ADDED from src\main\AndroidManifest.xml:104:13-50
	android:name
		ADDED from src\main\AndroidManifest.xml:102:13-49
activity#com.henghao.parkland.activity.GuideActivity
ADDED from src\main\AndroidManifest.xml:106:9-109:53
	android:screenOrientation
		ADDED from src\main\AndroidManifest.xml:108:13-49
	android:theme
		ADDED from src\main\AndroidManifest.xml:109:13-50
	android:name
		ADDED from src\main\AndroidManifest.xml:107:13-51
activity#com.henghao.parkland.activity.QiandaoActivity
ADDED from src\main\AndroidManifest.xml:110:9-113:53
	android:screenOrientation
		ADDED from src\main\AndroidManifest.xml:112:13-49
	android:theme
		ADDED from src\main\AndroidManifest.xml:113:13-50
	android:name
		ADDED from src\main\AndroidManifest.xml:111:13-53
activity#com.henghao.parkland.activity.QiandaoSubmitActivity
ADDED from src\main\AndroidManifest.xml:114:9-117:53
	android:screenOrientation
		ADDED from src\main\AndroidManifest.xml:116:13-49
	android:theme
		ADDED from src\main\AndroidManifest.xml:117:13-50
	android:name
		ADDED from src\main\AndroidManifest.xml:115:13-59
activity#com.henghao.parkland.activity.LoginActivity
ADDED from src\main\AndroidManifest.xml:119:9-124:63
	android:screenOrientation
		ADDED from src\main\AndroidManifest.xml:122:13-49
	android:windowSoftInputMode
		ADDED from src\main\AndroidManifest.xml:124:13-60
	android:configChanges
		ADDED from src\main\AndroidManifest.xml:121:13-63
	android:theme
		ADDED from src\main\AndroidManifest.xml:123:13-56
	android:name
		ADDED from src\main\AndroidManifest.xml:120:13-51
activity#com.henghao.parkland.activity.RegActivity
ADDED from src\main\AndroidManifest.xml:125:9-129:63
	android:screenOrientation
		ADDED from src\main\AndroidManifest.xml:128:13-49
	android:windowSoftInputMode
		ADDED from src\main\AndroidManifest.xml:129:13-60
	android:configChanges
		ADDED from src\main\AndroidManifest.xml:127:13-63
	android:name
		ADDED from src\main\AndroidManifest.xml:126:13-49
activity#com.henghao.parkland.activity.ViewTestActivity
ADDED from src\main\AndroidManifest.xml:131:9-135:63
	android:screenOrientation
		ADDED from src\main\AndroidManifest.xml:134:13-49
	android:windowSoftInputMode
		ADDED from src\main\AndroidManifest.xml:135:13-60
	android:configChanges
		ADDED from src\main\AndroidManifest.xml:133:13-63
	android:name
		ADDED from src\main\AndroidManifest.xml:132:13-54
activity#com.henghao.parkland.activity.MaintenanceActivity
ADDED from src\main\AndroidManifest.xml:137:9-141:63
	android:screenOrientation
		ADDED from src\main\AndroidManifest.xml:140:13-49
	android:windowSoftInputMode
		ADDED from src\main\AndroidManifest.xml:141:13-60
	android:configChanges
		ADDED from src\main\AndroidManifest.xml:139:13-63
	android:name
		ADDED from src\main\AndroidManifest.xml:138:13-57
activity#com.henghao.parkland.activity.YanghuMainActivity
ADDED from src\main\AndroidManifest.xml:143:9-147:63
	android:screenOrientation
		ADDED from src\main\AndroidManifest.xml:146:13-49
	android:windowSoftInputMode
		ADDED from src\main\AndroidManifest.xml:147:13-60
	android:configChanges
		ADDED from src\main\AndroidManifest.xml:145:13-63
	android:name
		ADDED from src\main\AndroidManifest.xml:144:13-56
activity#com.henghao.parkland.activity.YhManageActivity
ADDED from src\main\AndroidManifest.xml:149:9-153:63
	android:screenOrientation
		ADDED from src\main\AndroidManifest.xml:152:13-49
	android:windowSoftInputMode
		ADDED from src\main\AndroidManifest.xml:153:13-60
	android:configChanges
		ADDED from src\main\AndroidManifest.xml:151:13-63
	android:name
		ADDED from src\main\AndroidManifest.xml:150:13-54
activity#com.henghao.parkland.activity.GuanhuActivity
ADDED from src\main\AndroidManifest.xml:155:9-159:63
	android:screenOrientation
		ADDED from src\main\AndroidManifest.xml:158:13-49
	android:windowSoftInputMode
		ADDED from src\main\AndroidManifest.xml:159:13-60
	android:configChanges
		ADDED from src\main\AndroidManifest.xml:157:13-63
	android:name
		ADDED from src\main\AndroidManifest.xml:156:13-52
activity#com.henghao.parkland.activity.TreeMessageActivity
ADDED from src\main\AndroidManifest.xml:161:9-165:63
	android:screenOrientation
		ADDED from src\main\AndroidManifest.xml:164:13-49
	android:windowSoftInputMode
		ADDED from src\main\AndroidManifest.xml:165:13-60
	android:configChanges
		ADDED from src\main\AndroidManifest.xml:163:13-63
	android:name
		ADDED from src\main\AndroidManifest.xml:162:13-57
activity#com.henghao.parkland.activity.ProjectActivity
ADDED from src\main\AndroidManifest.xml:167:9-171:63
	android:screenOrientation
		ADDED from src\main\AndroidManifest.xml:170:13-49
	android:windowSoftInputMode
		ADDED from src\main\AndroidManifest.xml:171:13-60
	android:configChanges
		ADDED from src\main\AndroidManifest.xml:169:13-63
	android:name
		ADDED from src\main\AndroidManifest.xml:168:13-53
activity#com.henghao.parkland.activity.ProjectWorkActivity
ADDED from src\main\AndroidManifest.xml:173:9-177:63
	android:screenOrientation
		ADDED from src\main\AndroidManifest.xml:176:13-49
	android:windowSoftInputMode
		ADDED from src\main\AndroidManifest.xml:177:13-60
	android:configChanges
		ADDED from src\main\AndroidManifest.xml:175:13-63
	android:name
		ADDED from src\main\AndroidManifest.xml:174:13-57
activity#com.henghao.parkland.activity.ProjectSGActivity
ADDED from src\main\AndroidManifest.xml:179:9-183:63
	android:screenOrientation
		ADDED from src\main\AndroidManifest.xml:182:13-49
	android:windowSoftInputMode
		ADDED from src\main\AndroidManifest.xml:183:13-60
	android:configChanges
		ADDED from src\main\AndroidManifest.xml:181:13-63
	android:name
		ADDED from src\main\AndroidManifest.xml:180:13-55
activity#com.henghao.parkland.activity.ProjectSGMaterialsActivity
ADDED from src\main\AndroidManifest.xml:185:9-189:63
	android:screenOrientation
		ADDED from src\main\AndroidManifest.xml:188:13-49
	android:windowSoftInputMode
		ADDED from src\main\AndroidManifest.xml:189:13-60
	android:configChanges
		ADDED from src\main\AndroidManifest.xml:187:13-63
	android:name
		ADDED from src\main\AndroidManifest.xml:186:13-64
activity#com.henghao.parkland.activity.YHDataActivity
ADDED from src\main\AndroidManifest.xml:190:9-194:63
	android:screenOrientation
		ADDED from src\main\AndroidManifest.xml:193:13-49
	android:windowSoftInputMode
		ADDED from src\main\AndroidManifest.xml:194:13-60
	android:configChanges
		ADDED from src\main\AndroidManifest.xml:192:13-63
	android:name
		ADDED from src\main\AndroidManifest.xml:191:13-52
activity#com.henghao.parkland.activity.LogForgetActivity
ADDED from src\main\AndroidManifest.xml:196:9-200:72
	android:screenOrientation
		ADDED from src\main\AndroidManifest.xml:199:13-49
	android:windowSoftInputMode
		ADDED from src\main\AndroidManifest.xml:200:13-60
	android:configChanges
		ADDED from src\main\AndroidManifest.xml:198:13-63
	android:name
		ADDED from src\main\AndroidManifest.xml:197:13-55
activity#com.henghao.parkland.activity.ProjectMoneyActivity
ADDED from src\main\AndroidManifest.xml:202:9-206:72
	android:screenOrientation
		ADDED from src\main\AndroidManifest.xml:205:13-49
	android:windowSoftInputMode
		ADDED from src\main\AndroidManifest.xml:206:13-60
	android:configChanges
		ADDED from src\main\AndroidManifest.xml:204:13-63
	android:name
		ADDED from src\main\AndroidManifest.xml:203:13-58
activity#com.henghao.parkland.activity.ProjectLogActivity
ADDED from src\main\AndroidManifest.xml:208:9-212:63
	android:screenOrientation
		ADDED from src\main\AndroidManifest.xml:211:13-49
	android:windowSoftInputMode
		ADDED from src\main\AndroidManifest.xml:212:13-60
	android:configChanges
		ADDED from src\main\AndroidManifest.xml:210:13-63
	android:name
		ADDED from src\main\AndroidManifest.xml:209:13-56
activity#com.henghao.parkland.activity.CommonWebActivity
ADDED from src\main\AndroidManifest.xml:215:9-219:63
	android:screenOrientation
		ADDED from src\main\AndroidManifest.xml:218:13-49
	android:windowSoftInputMode
		ADDED from src\main\AndroidManifest.xml:219:13-60
	android:configChanges
		ADDED from src\main\AndroidManifest.xml:217:13-63
	android:name
		ADDED from src\main\AndroidManifest.xml:216:13-55
activity#com.benefit.buy.library.phoneview.MultiImageSelectorActivity
ADDED from src\main\AndroidManifest.xml:222:9-226:53
	android:screenOrientation
		ADDED from src\main\AndroidManifest.xml:225:13-49
	android:configChanges
		ADDED from src\main\AndroidManifest.xml:224:13-59
	android:theme
		ADDED from src\main\AndroidManifest.xml:226:13-50
	android:name
		ADDED from src\main\AndroidManifest.xml:223:13-88
activity#com.zbar.lib.zxing.CaptureActivity
ADDED from src\main\AndroidManifest.xml:229:9-233:53
	android:screenOrientation
		ADDED from src\main\AndroidManifest.xml:232:13-49
	android:configChanges
		ADDED from src\main\AndroidManifest.xml:231:13-59
	android:theme
		ADDED from src\main\AndroidManifest.xml:233:13-50
	android:name
		ADDED from src\main\AndroidManifest.xml:230:13-62
service#com.henghao.parkland.service.ReConnectService
ADDED from src\main\AndroidManifest.xml:236:9-61
	android:name
		ADDED from src\main\AndroidManifest.xml:236:18-58
service#com.henghao.parkland.service.PushParseJsonService
ADDED from src\main\AndroidManifest.xml:238:9-65
	android:name
		ADDED from src\main\AndroidManifest.xml:238:18-62
service#com.baidu.location.f
ADDED from src\main\AndroidManifest.xml:245:9-248:41
	android:enabled
		ADDED from src\main\AndroidManifest.xml:247:13-35
	android:process
		ADDED from src\main\AndroidManifest.xml:248:13-38
	android:name
		ADDED from src\main\AndroidManifest.xml:246:13-48
meta-data#com.baidu.lbsapi.API_KEY
ADDED from src\main\AndroidManifest.xml:250:9-252:64
	android:value
		ADDED from src\main\AndroidManifest.xml:252:13-61
	android:name
		ADDED from src\main\AndroidManifest.xml:251:13-52